Array
(
    [ID] => 220
    [UF_DESIGN] => 2
    [UF_NEWUSER] => 1
    [UF_URL_HASH] => wogy2mji31drs4gy57kiq17pittbfj
    [UF_PRICE] => 3000
    [UF_BALANCE] => 3000
    [UF_SENDER] => 3745
    [UF_RECIPIENT] => 8201
    [UF_ORDERID] => 9676
    [UF_ISPAID] => 1
    [UF_VALIDITY] => Bitrix\Main\Type\Date Object
        (
            [value:protected] => DateTime Object
                (
                    [date] => 2023-12-08 00:00:00.000000
                    [timezone_type] => 3
                    [timezone] => Europe/Moscow
                )

        )

    [UF_ORDERS] => Array
        (
        )

    [UF_ACTIVE] => 1
    [UF_NUMBER] => 16704998019676
    [UF_DESCRIPTION] => 
    [UF_DELIVERYDATETIME] => 
)
